<?xml version="1.0" encoding="UTF-8"?>
<!-- Generated by org.testng.reporters.JUnitReportReporter -->
<testsuite hostname="CASTOR-QA2L" failures="0" tests="1" name="phptravels.AdminModule" time="28.605" errors="0" timestamp="2023-02-24T11:58:21 IST" skipped="0">
  <testcase classname="phptravels.AdminModule" name="login" time="28.605"/>
  <system-out/>
</testsuite> <!-- phptravels.AdminModule -->
