<?xml version="1.0" encoding="UTF-8"?>
<!-- Generated by org.testng.reporters.JUnitReportReporter -->
<testsuite hostname="CASTOR-QA2L" failures="0" tests="1" name="phptravels.tests.NavigationLinksCustomerCode" time="29.606" errors="0" timestamp="2023-03-06T16:19:38 IST" skipped="0">
  <testcase classname="phptravels.tests.NavigationLinksCustomerCode" name="NavigationLink" time="29.606"/>
  <system-out/>
</testsuite> <!-- phptravels.tests.NavigationLinksCustomerCode -->
