<?xml version="1.0" encoding="UTF-8"?>
<!-- Generated by org.testng.reporters.JUnitReportReporter -->
<testsuite hostname="CASTOR-QA2L" failures="0" tests="1" name="phptravels.tests.AdminModule" time="16.134" errors="0" timestamp="2023-02-28T17:02:31 IST" skipped="0">
  <testcase classname="phptravels.tests.AdminModule" name="login" time="16.134"/>
  <system-out/>
</testsuite> <!-- phptravels.tests.AdminModule -->
