<?xml version="1.0" encoding="UTF-8"?>
<!-- Generated by org.testng.reporters.JUnitReportReporter -->
<testsuite hostname="CASTOR-QA2L" failures="0" tests="1" name="phptravels.tests.SignUpCustomerCode" time="32.740" errors="0" timestamp="2023-03-06T16:19:38 IST" skipped="0">
  <testcase classname="phptravels.tests.SignUpCustomerCode" name="SignUp" time="32.740"/>
  <system-out/>
</testsuite> <!-- phptravels.tests.SignUpCustomerCode -->
